<?xml version="1.0" encoding="UTF-8"?>
<!-- Generated by org.testng.reporters.JUnitXMLReporter -->
<testsuite hostname="HP-WINDOWS8" ignored="6" name="seleniumtestng" tests="3" failures="0" timestamp="16 Sep 2017 18:36:18 GMT" time="0.141" errors="0">
  <testcase name="f1" time="0.047" classname="seleniumtestng.TestGroup"/>
  <testcase name="f5" time="0.0" classname="seleniumtestng.TestGroup"/>
  <testcase name="f8" time="0.0" classname="seleniumtestng.TestGroup"/>
  <testcase name="f2" time="0.0" classname="seleniumtestng.TestGroup">
    <ignored/>
  </testcase> <!-- f2 -->
  <testcase name="f4" time="0.0" classname="seleniumtestng.TestGroup">
    <ignored/>
  </testcase> <!-- f4 -->
  <testcase name="f3" time="0.0" classname="seleniumtestng.TestGroup">
    <ignored/>
  </testcase> <!-- f3 -->
  <testcase name="f6" time="0.0" classname="seleniumtestng.TestGroup">
    <ignored/>
  </testcase> <!-- f6 -->
  <testcase name="f7" time="0.0" classname="seleniumtestng.TestGroup">
    <ignored/>
  </testcase> <!-- f7 -->
  <testcase name="f9" time="0.0" classname="seleniumtestng.TestGroup">
    <ignored/>
  </testcase> <!-- f9 -->
</testsuite> <!-- seleniumtestng -->
