<?xml version="1.0" encoding="UTF-8"?>
<!-- Generated by org.testng.reporters.JUnitXMLReporter -->
<testsuite hostname="HP-WINDOWS8" ignored="1" name="Testing Priority" tests="3" failures="0" timestamp="16 Sep 2017 18:36:54 GMT" time="0.11" errors="0">
  <testcase name="f3" time="0.031" classname="seleniumtestng.Priority"/>
  <testcase name="f4" time="0.0" classname="seleniumtestng.Priority"/>
  <testcase name="f2" time="0.016" classname="seleniumtestng.Priority"/>
  <testcase name="f1" time="0.0" classname="seleniumtestng.Priority">
    <ignored/>
  </testcase> <!-- f1 -->
</testsuite> <!-- Testing Priority -->
